生成启动时间为 2019/10/29 14:49:29。
     1>项目“D:\zhangsufan\MathFuncsLib\MyExecRefsLib\MyExecRefsLib.vcxproj”在节点 2 上(build 个目标)。
     1>InitializeBuildStatus:
         正在对“Debug\MyExecRefsLib.unsuccessfulbuild”执行 Touch 任务。
       ClCompile:
         C:\Program Files (x86)\Microsoft Visual Studio 10.0\VC\bin\CL.exe /c /ID:\zhangsufan\MathFuncsLib\MathFuncsLib /ZI /nologo /W3 /WX- /Od /Oy- /D WIN32 /D _DEBUG /D _CONSOLE /D _UNICODE /D UNICODE /Gm /EHsc /RTC1 /MDd /GS /fp:precise /Zc:wchar_t /Zc:forScope /Yc"StdAfx.h" /Fp"Debug\MyExecRefsLib.pch" /Fo"Debug\\" /Fd"Debug\vc100.pdb" /Gd /TP /analyze- /errorReport:prompt stdafx.cpp
         stdafx.cpp
         C:\Program Files (x86)\Microsoft Visual Studio 10.0\VC\bin\CL.exe /c /ID:\zhangsufan\MathFuncsLib\MathFuncsLib /ZI /nologo /W3 /WX- /Od /Oy- /D WIN32 /D _DEBUG /D _CONSOLE /D _UNICODE /D UNICODE /Gm /EHsc /RTC1 /MDd /GS /fp:precise /Zc:wchar_t /Zc:forScope /Yu"StdAfx.h" /Fp"Debug\MyExecRefsLib.pch" /Fo"Debug\\" /Fd"Debug\vc100.pdb" /Gd /TP /analyze- /errorReport:prompt MyExecRefsLib.cpp
         MyExecRefsLib.cpp
       ManifestResourceCompile:
         C:\Program Files (x86)\Microsoft SDKs\Windows\v7.0A\bin\rc.exe /nologo /fo"Debug\MyExecRefsLib.exe.embed.manifest.res" Debug\MyExecRefsLib_manifest.rc 
       Link:
         C:\Program Files (x86)\Microsoft Visual Studio 10.0\VC\bin\link.exe /ERRORREPORT:PROMPT /OUT:"D:\zhangsufan\MathFuncsLib\Debug\MyExecRefsLib.exe" /INCREMENTAL /NOLOGO kernel32.lib user32.lib gdi32.lib winspool.lib comdlg32.lib advapi32.lib shell32.lib ole32.lib oleaut32.lib uuid.lib odbc32.lib odbccp32.lib /MANIFEST /ManifestFile:"Debug\MyExecRefsLib.exe.intermediate.manifest" /MANIFESTUAC:"level='asInvoker' uiAccess='false'" /DEBUG /PDB:"D:\zhangsufan\MathFuncsLib\Debug\MyExecRefsLib.pdb" /SUBSYSTEM:CONSOLE /TLBID:1 /DYNAMICBASE /NXCOMPAT /IMPLIB:"D:\zhangsufan\MathFuncsLib\Debug\MyExecRefsLib.lib" /MACHINE:X86 Debug\MyExecRefsLib.exe.embed.manifest.res
         Debug\MyExecRefsLib.obj
         Debug\stdafx.obj
         D:\zhangsufan\MathFuncsLib\Debug\MathFuncsLib.lib
       Manifest:
         C:\Program Files (x86)\Microsoft SDKs\Windows\v7.0A\bin\mt.exe /nologo /verbose /out:"Debug\MyExecRefsLib.exe.embed.manifest" /manifest Debug\MyExecRefsLib.exe.intermediate.manifest
         C:\Program Files (x86)\Microsoft SDKs\Windows\v7.0A\bin\rc.exe /nologo /fo"Debug\MyExecRefsLib.exe.embed.manifest.res" Debug\MyExecRefsLib_manifest.rc 
       LinkEmbedManifest:
         C:\Program Files (x86)\Microsoft Visual Studio 10.0\VC\bin\link.exe /ERRORREPORT:PROMPT /OUT:"D:\zhangsufan\MathFuncsLib\Debug\MyExecRefsLib.exe" /INCREMENTAL /NOLOGO kernel32.lib user32.lib gdi32.lib winspool.lib comdlg32.lib advapi32.lib shell32.lib ole32.lib oleaut32.lib uuid.lib odbc32.lib odbccp32.lib /MANIFEST /ManifestFile:"Debug\MyExecRefsLib.exe.intermediate.manifest" /MANIFESTUAC:"level='asInvoker' uiAccess='false'" /DEBUG /PDB:"D:\zhangsufan\MathFuncsLib\Debug\MyExecRefsLib.pdb" /SUBSYSTEM:CONSOLE /TLBID:1 /DYNAMICBASE /NXCOMPAT /IMPLIB:"D:\zhangsufan\MathFuncsLib\Debug\MyExecRefsLib.lib" /MACHINE:X86 Debug\MyExecRefsLib.exe.embed.manifest.res
         Debug\MyExecRefsLib.obj
         Debug\stdafx.obj
         D:\zhangsufan\MathFuncsLib\Debug\MathFuncsLib.lib
         MyExecRefsLib.vcxproj -> D:\zhangsufan\MathFuncsLib\Debug\MyExecRefsLib.exe
       FinalizeBuildStatus:
         正在删除文件“Debug\MyExecRefsLib.unsuccessfulbuild”。
         正在对“Debug\MyExecRefsLib.lastbuildstate”执行 Touch 任务。
     1>已完成生成项目“D:\zhangsufan\MathFuncsLib\MyExecRefsLib\MyExecRefsLib.vcxproj”(build 个目标)的操作。

生成成功。

已用时间 00:00:07.62
